<?xml version="1.0" encoding="UTF-8" ?>
<testsuite failures="0" time="11.482" errors="0" skipped="4" tests="4" name="com.tacs.truequeLibre.endpoints.ItemsTest">
  <properties>
    <property name="java.runtime.name" value="Java(TM) SE Runtime Environment"/>
    <property name="sun.boot.library.path" value="C:\Program Files\Java\jdk1.7.0_71\jre\bin"/>
    <property name="java.vm.version" value="24.71-b01"/>
    <property name="java.vm.vendor" value="Oracle Corporation"/>
    <property name="java.vendor.url" value="http://java.oracle.com/"/>
    <property name="path.separator" value=";"/>
    <property name="guice.disable.misplaced.annotation.check" value="true"/>
    <property name="java.vm.name" value="Java HotSpot(TM) 64-Bit Server VM"/>
    <property name="file.encoding.pkg" value="sun.io"/>
    <property name="user.script" value=""/>
    <property name="user.country" value="AR"/>
    <property name="sun.java.launcher" value="SUN_STANDARD"/>
    <property name="sun.os.patch.level" value="Service Pack 1"/>
    <property name="java.vm.specification.name" value="Java Virtual Machine Specification"/>
    <property name="user.dir" value="D:\workspace\tacs2014-2c"/>
    <property name="java.runtime.version" value="1.7.0_71-b14"/>
    <property name="java.awt.graphicsenv" value="sun.awt.Win32GraphicsEnvironment"/>
    <property name="java.endorsed.dirs" value="C:\Program Files\Java\jdk1.7.0_71\jre\lib\endorsed"/>
    <property name="os.arch" value="amd64"/>
    <property name="java.io.tmpdir" value="C:\Users\user\AppData\Local\Temp\"/>
    <property name="line.separator" value="
"/>
    <property name="java.vm.specification.vendor" value="Oracle Corporation"/>
    <property name="user.variant" value=""/>
    <property name="os.name" value="Windows 7"/>
    <property name="classworlds.conf" value="D:\apache-maven-3.2.3\bin\m2.conf"/>
    <property name="sun.jnu.encoding" value="Cp1252"/>
    <property name="java.library.path" value="C:\Program Files\Java\jdk1.7.0_71\bin;C:\Windows\Sun\Java\bin;C:\Windows\system32;C:\Windows;C:\Users\user\AppData\Local\GitHub\PortableGit_7eaa994416ae7b397b2628033ac45f8ff6ac2010\cmd;C:\Users\user\AppData\Local\GitHub\PortableGit_7eaa994416ae7b397b2628033ac45f8ff6ac2010\bin;C:\Users\user\AppData\Local\Apps\2.0\A685X17W.7QT\EX6T236H.JJ7\gith..tion_317444273a93ac29_0002.0004_a3836162dc3224d4;C:\Windows\Microsoft.NET\Framework\v4.0.30319;%JAVA_HOME%\bin;C:\Windows\system32;C:\Windows;C:\Windows\System32\Wbem;C:\Windows\System32\WindowsPowerShell\v1.0\;C:\Program Files (x86)\Lenovo\Access Connections\;C:\Program Files\Intel\WiFi\bin\;C:\Program Files\Common Files\Intel\WirelessCommon\;D:\apache-maven-3.2.3\bin;C:\Program Files\Java\jdk1.7.0_71\bin;C:\Program Files\Intel\WiFi\bin\;C:\Program Files\Common Files\Intel\WirelessCommon\;."/>
    <property name="java.specification.name" value="Java Platform API Specification"/>
    <property name="java.class.version" value="51.0"/>
    <property name="sun.management.compiler" value="HotSpot 64-Bit Tiered Compilers"/>
    <property name="os.version" value="6.1"/>
    <property name="user.home" value="C:\Users\user"/>
    <property name="user.timezone" value="America/Buenos_Aires"/>
    <property name="java.awt.printerjob" value="sun.awt.windows.WPrinterJob"/>
    <property name="java.specification.version" value="1.7"/>
    <property name="file.encoding" value="Cp1252"/>
    <property name="user.name" value="user"/>
    <property name="java.class.path" value="D:\apache-maven-3.2.3\boot\plexus-classworlds-2.5.1.jar"/>
    <property name="java.vm.specification.version" value="1.7"/>
    <property name="sun.arch.data.model" value="64"/>
    <property name="java.home" value="C:\Program Files\Java\jdk1.7.0_71\jre"/>
    <property name="sun.java.command" value="org.codehaus.plexus.classworlds.launcher.Launcher appengine:devserver"/>
    <property name="java.specification.vendor" value="Oracle Corporation"/>
    <property name="user.language" value="es"/>
    <property name="awt.toolkit" value="sun.awt.windows.WToolkit"/>
    <property name="java.vm.info" value="mixed mode"/>
    <property name="java.version" value="1.7.0_71"/>
    <property name="java.ext.dirs" value="C:\Program Files\Java\jdk1.7.0_71\jre\lib\ext;C:\Windows\Sun\Java\lib\ext"/>
    <property name="sun.boot.class.path" value="C:\Program Files\Java\jdk1.7.0_71\jre\lib\resources.jar;C:\Program Files\Java\jdk1.7.0_71\jre\lib\rt.jar;C:\Program Files\Java\jdk1.7.0_71\jre\lib\sunrsasign.jar;C:\Program Files\Java\jdk1.7.0_71\jre\lib\jsse.jar;C:\Program Files\Java\jdk1.7.0_71\jre\lib\jce.jar;C:\Program Files\Java\jdk1.7.0_71\jre\lib\charsets.jar;C:\Program Files\Java\jdk1.7.0_71\jre\lib\jfr.jar;C:\Program Files\Java\jdk1.7.0_71\jre\classes"/>
    <property name="java.vendor" value="Oracle Corporation"/>
    <property name="maven.home" value="D:\apache-maven-3.2.3"/>
    <property name="file.separator" value="\"/>
    <property name="java.vendor.url.bug" value="http://bugreport.sun.com/bugreport/"/>
    <property name="sun.cpu.endian" value="little"/>
    <property name="sun.io.unicode.encoding" value="UnicodeLittle"/>
    <property name="sun.desktop" value="windows"/>
    <property name="sun.cpu.isalist" value="amd64"/>
  </properties>
  <testcase time="2.863" classname="com.tacs.truequeLibre.endpoints.ItemsTest" name="testDameTodosLosItems">
    <skipped/>
    <system-out>D:\workspace\tacs2014-2c
</system-out>
    <system-err>nov 18, 2014 12:54:14 AM org.glassfish.jersey.server.ApplicationHandler initialize
INFORMACIÓN: Initiating Jersey application, version Jersey: 2.7 2014-03-12 18:11:31...
nov 18, 2014 12:54:16 AM org.glassfish.grizzly.http.server.NetworkListener start
INFORMACIÓN: Started listener bound to [localhost:8080]
nov 18, 2014 12:54:16 AM org.glassfish.grizzly.http.server.HttpServer start
INFORMACIÓN: [HttpServer] Started.
</system-err>
  </testcase>
  <testcase time="2.873" classname="com.tacs.truequeLibre.endpoints.ItemsTest" name="testBorraUnItem">
    <skipped/>
  </testcase>
  <testcase time="2.873" classname="com.tacs.truequeLibre.endpoints.ItemsTest" name="testAgregaUnItem">
    <skipped/>
  </testcase>
  <testcase time="2.873" classname="com.tacs.truequeLibre.endpoints.ItemsTest" name="testDameUnItem">
    <skipped/>
  </testcase>
</testsuite>